<?xml version="1.0" encoding="UTF-8"?>
<testng-results ignored="0" total="1" passed="1" failed="0" skipped="0">
  <reporter-output>
  </reporter-output>
  <suite started-at="2023-12-24T23:55:15 IST" name="Suite" finished-at="2023-12-24T23:55:42 IST" duration-ms="26611">
    <groups>
    </groups>
    <test started-at="2023-12-24T23:55:15 IST" name="Test" finished-at="2023-12-24T23:55:42 IST" duration-ms="26611">
      <class name="TestCases.Test_LocateMe">
        <test-method is-config="true" signature="launchApplication()[pri:0, instance:TestCases.Test_LocateMe@449a4f23]" started-at="2023-12-24T23:55:15 IST" name="launchApplication" finished-at="2023-12-24T23:55:21 IST" duration-ms="5381" status="PASS">
          <reporter-output>
          </reporter-output>
        </test-method> <!-- launchApplication -->
        <test-method is-config="true" signature="setUp()[pri:0, instance:TestCases.Test_LocateMe@449a4f23]" started-at="2023-12-24T23:55:21 IST" name="setUp" finished-at="2023-12-24T23:55:21 IST" duration-ms="51" status="PASS">
          <reporter-output>
          </reporter-output>
        </test-method> <!-- setUp -->
        <test-method signature="test_Location()[pri:0, instance:TestCases.Test_LocateMe@449a4f23]" started-at="2023-12-24T23:55:21 IST" name="test_Location" finished-at="2023-12-24T23:55:41 IST" duration-ms="20567" status="PASS">
          <reporter-output>
          </reporter-output>
        </test-method> <!-- test_Location -->
        <test-method is-config="true" signature="tearDown()[pri:0, instance:TestCases.Test_LocateMe@449a4f23]" started-at="2023-12-24T23:55:41 IST" name="tearDown" finished-at="2023-12-24T23:55:42 IST" duration-ms="537" status="PASS">
          <reporter-output>
          </reporter-output>
        </test-method> <!-- tearDown -->
      </class> <!-- TestCases.Test_LocateMe -->
    </test> <!-- Test -->
  </suite> <!-- Suite -->
</testng-results>
